# JRE version: Java(TM) SE Runtime Environment (8.0_71-b15) (build 1.8.0_71-b15)
# Java VM: Java HotSpot(TM) 64-Bit Server VM (25.71-b15 mixed mode bsd-amd64 compressed oops)
Heap:
 PSYoungGen      total 27648K, used 17441K [0x00000007aab00000, 0x00000007acf00000, 0x00000007c0000000)
  eden space 18432K, 47% used [0x00000007aab00000,0x00000007ab3a0ba0,0x00000007abd00000)
  from space 9216K, 93% used [0x00000007ac600000,0x00000007ace67a60,0x00000007acf00000)
  to   space 9216K, 0% used [0x00000007abd00000,0x00000007abd00000,0x00000007ac600000)
 ParOldGen       total 380416K, used 370899K [0x0000000780000000, 0x0000000797380000, 0x00000007aab00000)
  object space 380416K, 97% used [0x0000000780000000,0x0000000796a34e28,0x0000000797380000)
 Metaspace       used 14981K, capacity 15288K, committed 15616K, reserved 1062912K
  class space    used 1857K, capacity 1952K, committed 2048K, reserved 1048576K
GC Heap History (10 events):
Event: 3505.285 GC heap before
{Heap before GC invocations=940 (full 2):
 PSYoungGen      total 27648K, used 26951K [0x00000007aab00000, 0x00000007acf00000, 0x00000007c0000000)
  eden space 18432K, 99% used [0x00000007aab00000,0x00000007abcf6730,0x00000007abd00000)
  from space 9216K, 92% used [0x00000007abd00000,0x00000007ac55b700,0x00000007ac600000)
  to   space 9216K, 0% used [0x00000007ac600000,0x00000007ac600000,0x00000007acf00000)
 ParOldGen       total 380416K, used 370763K [0x0000000780000000, 0x0000000797380000, 0x00000007aab00000)
  object space 380416K, 97% used [0x0000000780000000,0x0000000796a12e28,0x0000000797380000)
 Metaspace       used 14981K, capacity 15288K, committed 15616K, reserved 1062912K
  class space    used 1857K, capacity 1952K, committed 2048K, reserved 1048576K
Event: 3505.292 GC heap after
Heap after GC invocations=940 (full 2):
 PSYoungGen      total 27648K, used 8606K [0x00000007aab00000, 0x00000007acf00000, 0x00000007c0000000)
  eden space 18432K, 0% used [0x00000007aab00000,0x00000007aab00000,0x00000007abd00000)
  from space 9216K, 93% used [0x00000007ac600000,0x00000007ace67a60,0x00000007acf00000)
  to   space 9216K, 0% used [0x00000007abd00000,0x00000007abd00000,0x00000007ac600000)
 ParOldGen       total 380416K, used 370787K [0x0000000780000000, 0x0000000797380000, 0x00000007aab00000)
  object space 380416K, 97% used [0x0000000780000000,0x0000000796a18e28,0x0000000797380000)
 Metaspace       used 14981K, capacity 15288K, committed 15616K, reserved 1062912K
  class space    used 1857K, capacity 1952K, committed 2048K, reserved 1048576K
}
Event: 3506.940 GC heap before
{Heap before GC invocations=941 (full 2):
 PSYoungGen      total 27648K, used 27038K [0x00000007aab00000, 0x00000007acf00000, 0x00000007c0000000)
  eden space 18432K, 100% used [0x00000007aab00000,0x00000007abd00000,0x00000007abd00000)
  from space 9216K, 93% used [0x00000007ac600000,0x00000007ace67a60,0x00000007acf00000)
  to   space 9216K, 0% used [0x00000007abd00000,0x00000007abd00000,0x00000007ac600000)
 ParOldGen       total 380416K, used 370787K [0x0000000780000000, 0x0000000797380000, 0x00000007aab00000)
  object space 380416K, 97% used [0x0000000780000000,0x0000000796a18e28,0x0000000797380000)
 Metaspace       used 14981K, capacity 15288K, committed 15616K, reserved 1062912K
  class space    used 1857K, capacity 1952K, committed 2048K, reserved 1048576K
Event: 3506.947 GC heap after
Heap after GC invocations=941 (full 2):
 PSYoungGen      total 27648K, used 8557K [0x00000007aab00000, 0x00000007acf00000, 0x00000007c0000000)
  eden space 18432K, 0% used [0x00000007aab00000,0x00000007aab00000,0x00000007abd00000)
  from space 9216K, 92% used [0x00000007abd00000,0x00000007ac55b700,0x00000007ac600000)
  to   space 9216K, 0% used [0x00000007ac600000,0x00000007ac600000,0x00000007acf00000)
 ParOldGen       total 380416K, used 370811K [0x0000000780000000, 0x0000000797380000, 0x00000007aab00000)
  object space 380416K, 97% used [0x0000000780000000,0x0000000796a1ee28,0x0000000797380000)
 Metaspace       used 14981K, capacity 15288K, committed 15616K, reserved 1062912K
  class space    used 1857K, capacity 1952K, committed 2048K, reserved 1048576K
}
Event: 3508.581 GC heap before
{Heap before GC invocations=942 (full 2):
 PSYoungGen      total 27648K, used 26985K [0x00000007aab00000, 0x00000007acf00000, 0x00000007c0000000)
  eden space 18432K, 99% used [0x00000007aab00000,0x00000007abcfeed8,0x00000007abd00000)
  from space 9216K, 92% used [0x00000007abd00000,0x00000007ac55b700,0x00000007ac600000)
  to   space 9216K, 0% used [0x00000007ac600000,0x00000007ac600000,0x00000007acf00000)
 ParOldGen       total 380416K, used 370811K [0x0000000780000000, 0x0000000797380000, 0x00000007aab00000)
  object space 380416K, 97% used [0x0000000780000000,0x0000000796a1ee28,0x0000000797380000)
 Metaspace       used 14981K, capacity 15288K, committed 15616K, reserved 1062912K
  class space    used 1857K, capacity 1952K, committed 2048K, reserved 1048576K
Event: 3508.589 GC heap after
Heap after GC invocations=942 (full 2):
 PSYoungGen      total 27648K, used 8525K [0x00000007aab00000, 0x00000007acf00000, 0x00000007c0000000)
  eden space 18432K, 0% used [0x00000007aab00000,0x00000007aab00000,0x00000007abd00000)
  from space 9216K, 92% used [0x00000007ac600000,0x00000007ace53700,0x00000007acf00000)
  to   space 9216K, 0% used [0x00000007abd00000,0x00000007abd00000,0x00000007ac600000)
 ParOldGen       total 380416K, used 370843K [0x0000000780000000, 0x0000000797380000, 0x00000007aab00000)
  object space 380416K, 97% used [0x0000000780000000,0x0000000796a26e28,0x0000000797380000)
 Metaspace       used 14981K, capacity 15288K, committed 15616K, reserved 1062912K
  class space    used 1857K, capacity 1952K, committed 2048K, reserved 1048576K
}
Event: 3510.235 GC heap before
{Heap before GC invocations=943 (full 2):
 PSYoungGen      total 27648K, used 26925K [0x00000007aab00000, 0x00000007acf00000, 0x00000007c0000000)
  eden space 18432K, 99% used [0x00000007aab00000,0x00000007abcf7fa8,0x00000007abd00000)
  from space 9216K, 92% used [0x00000007ac600000,0x00000007ace53700,0x00000007acf00000)
  to   space 9216K, 0% used [0x00000007abd00000,0x00000007abd00000,0x00000007ac600000)
 ParOldGen       total 380416K, used 370843K [0x0000000780000000, 0x0000000797380000, 0x00000007aab00000)
  object space 380416K, 97% used [0x0000000780000000,0x0000000796a26e28,0x0000000797380000)
 Metaspace       used 14981K, capacity 15288K, committed 15616K, reserved 1062912K
  class space    used 1857K, capacity 1952K, committed 2048K, reserved 1048576K
Event: 3510.243 GC heap after
Heap after GC invocations=943 (full 2):
 PSYoungGen      total 27648K, used 8476K [0x00000007aab00000, 0x00000007acf00000, 0x00000007c0000000)
  eden space 18432K, 0% used [0x00000007aab00000,0x00000007aab00000,0x00000007abd00000)
  from space 9216K, 91% used [0x00000007abd00000,0x00000007ac5473a0,0x00000007ac600000)
  to   space 9216K, 0% used [0x00000007ac600000,0x00000007ac600000,0x00000007acf00000)
 ParOldGen       total 380416K, used 370875K [0x0000000780000000, 0x0000000797380000, 0x00000007aab00000)
  object space 380416K, 97% used [0x0000000780000000,0x0000000796a2ee28,0x0000000797380000)
 Metaspace       used 14981K, capacity 15288K, committed 15616K, reserved 1062912K
  class space    used 1857K, capacity 1952K, committed 2048K, reserved 1048576K
}
Event: 3511.878 GC heap before
{Heap before GC invocations=944 (full 2):
 PSYoungGen      total 27648K, used 26886K [0x00000007aab00000, 0x00000007acf00000, 0x00000007c0000000)
  eden space 18432K, 99% used [0x00000007aab00000,0x00000007abcfa638,0x00000007abd00000)
  from space 9216K, 91% used [0x00000007abd00000,0x00000007ac5473a0,0x00000007ac600000)
  to   space 9216K, 0% used [0x00000007ac600000,0x00000007ac600000,0x00000007acf00000)
 ParOldGen       total 380416K, used 370875K [0x0000000780000000, 0x0000000797380000, 0x00000007aab00000)
  object space 380416K, 97% used [0x0000000780000000,0x0000000796a2ee28,0x0000000797380000)
 Metaspace       used 14981K, capacity 15288K, committed 15616K, reserved 1062912K
  class space    used 1857K, capacity 1952K, committed 2048K, reserved 1048576K
Event: 3511.886 GC heap after
Heap after GC invocations=944 (full 2):
 PSYoungGen      total 27648K, used 8606K [0x00000007aab00000, 0x00000007acf00000, 0x00000007c0000000)
  eden space 18432K, 0% used [0x00000007aab00000,0x00000007aab00000,0x00000007abd00000)
  from space 9216K, 93% used [0x00000007ac600000,0x00000007ace67a60,0x00000007acf00000)
  to   space 9216K, 0% used [0x00000007abd00000,0x00000007abd00000,0x00000007ac600000)
 ParOldGen       total 380416K, used 370899K [0x0000000780000000, 0x0000000797380000, 0x00000007aab00000)
  object space 380416K, 97% used [0x0000000780000000,0x0000000796a34e28,0x0000000797380000)
 Metaspace       used 14981K, capacity 15288K, committed 15616K, reserved 1062912K
  class space    used 1857K, capacity 1952K, committed 2048K, reserved 1048576K
}

