# JRE version: Java(TM) SE Runtime Environment (8.0_71-b15) (build 1.8.0_71-b15)
# Java VM: Java HotSpot(TM) 64-Bit Server VM (25.71-b15 mixed mode bsd-amd64 compressed oops)
Heap:
 PSYoungGen      total 78336K, used 33319K [0x00000007aab00000, 0x00000007b1200000, 0x00000007c0000000)
  eden space 57344K, 25% used [0x00000007aab00000,0x00000007ab91dad0,0x00000007ae300000)
  from space 20992K, 89% used [0x00000007ae500000,0x00000007af76c240,0x00000007af980000)
  to   space 24064K, 0% used [0x00000007afa80000,0x00000007afa80000,0x00000007b1200000)
 ParOldGen       total 346624K, used 308643K [0x0000000780000000, 0x0000000795280000, 0x00000007aab00000)
  object space 346624K, 89% used [0x0000000780000000,0x0000000792d68cf0,0x0000000795280000)
 Metaspace       used 14674K, capacity 14948K, committed 15104K, reserved 1062912K
  class space    used 1853K, capacity 1946K, committed 2048K, reserved 1048576K
GC Heap History (10 events):
Event: 10.159 GC heap before
{Heap before GC invocations=4 (full 0):
 PSYoungGen      total 18944K, used 18878K [0x00000007aab00000, 0x00000007ad000000, 0x00000007c0000000)
  eden space 16384K, 99% used [0x00000007aab00000,0x00000007abaf1698,0x00000007abb00000)
  from space 2560K, 99% used [0x00000007abb00000,0x00000007abd7e470,0x00000007abd80000)
  to   space 2560K, 0% used [0x00000007acd80000,0x00000007acd80000,0x00000007ad000000)
 ParOldGen       total 69632K, used 47073K [0x0000000780000000, 0x0000000784400000, 0x00000007aab00000)
  object space 69632K, 67% used [0x0000000780000000,0x0000000782df86a0,0x0000000784400000)
 Metaspace       used 11190K, capacity 11454K, committed 11648K, reserved 1058816K
  class space    used 1492K, capacity 1581K, committed 1664K, reserved 1048576K
Event: 10.166 GC heap after
Heap after GC invocations=4 (full 0):
 PSYoungGen      total 35328K, used 2556K [0x00000007aab00000, 0x00000007ad000000, 0x00000007c0000000)
  eden space 32768K, 0% used [0x00000007aab00000,0x00000007aab00000,0x00000007acb00000)
  from space 2560K, 99% used [0x00000007acd80000,0x00000007acfff070,0x00000007ad000000)
  to   space 2560K, 0% used [0x00000007acb00000,0x00000007acb00000,0x00000007acd80000)
 ParOldGen       total 69632K, used 50128K [0x0000000780000000, 0x0000000784400000, 0x00000007aab00000)
  object space 69632K, 71% used [0x0000000780000000,0x00000007830f4360,0x0000000784400000)
 Metaspace       used 11190K, capacity 11454K, committed 11648K, reserved 1058816K
  class space    used 1492K, capacity 1581K, committed 1664K, reserved 1048576K
}
Event: 10.854 GC heap before
{Heap before GC invocations=5 (full 0):
 PSYoungGen      total 35328K, used 35324K [0x00000007aab00000, 0x00000007ad000000, 0x00000007c0000000)
  eden space 32768K, 100% used [0x00000007aab00000,0x00000007acb00000,0x00000007acb00000)
  from space 2560K, 99% used [0x00000007acd80000,0x00000007acfff070,0x00000007ad000000)
  to   space 2560K, 0% used [0x00000007acb00000,0x00000007acb00000,0x00000007acd80000)
 ParOldGen       total 69632K, used 50128K [0x0000000780000000, 0x0000000784400000, 0x00000007aab00000)
  object space 69632K, 71% used [0x0000000780000000,0x00000007830f4360,0x0000000784400000)
 Metaspace       used 11468K, capacity 11664K, committed 11904K, reserved 1058816K
  class space    used 1548K, capacity 1648K, committed 1664K, reserved 1048576K
Event: 10.866 GC heap after
Heap after GC invocations=5 (full 0):
 PSYoungGen      total 35328K, used 2530K [0x00000007aab00000, 0x00000007b0e00000, 0x00000007c0000000)
  eden space 32768K, 0% used [0x00000007aab00000,0x00000007aab00000,0x00000007acb00000)
  from space 2560K, 98% used [0x00000007acb00000,0x00000007acd78a80,0x00000007acd80000)
  to   space 17920K, 0% used [0x00000007afc80000,0x00000007afc80000,0x00000007b0e00000)
 ParOldGen       total 69632K, used 66704K [0x0000000780000000, 0x0000000784400000, 0x00000007aab00000)
  object space 69632K, 95% used [0x0000000780000000,0x00000007841241a0,0x0000000784400000)
 Metaspace       used 11468K, capacity 11664K, committed 11904K, reserved 1058816K
  class space    used 1548K, capacity 1648K, committed 1664K, reserved 1048576K
}
Event: 10.866 GC heap before
{Heap before GC invocations=6 (full 1):
 PSYoungGen      total 35328K, used 2530K [0x00000007aab00000, 0x00000007b0e00000, 0x00000007c0000000)
  eden space 32768K, 0% used [0x00000007aab00000,0x00000007aab00000,0x00000007acb00000)
  from space 2560K, 98% used [0x00000007acb00000,0x00000007acd78a80,0x00000007acd80000)
  to   space 17920K, 0% used [0x00000007afc80000,0x00000007afc80000,0x00000007b0e00000)
 ParOldGen       total 69632K, used 66704K [0x0000000780000000, 0x0000000784400000, 0x00000007aab00000)
  object space 69632K, 95% used [0x0000000780000000,0x00000007841241a0,0x0000000784400000)
 Metaspace       used 11468K, capacity 11664K, committed 11904K, reserved 1058816K
  class space    used 1548K, capacity 1648K, committed 1664K, reserved 1048576K
Event: 10.893 GC heap after
Heap after GC invocations=6 (full 1):
 PSYoungGen      total 35328K, used 0K [0x00000007aab00000, 0x00000007b0e00000, 0x00000007c0000000)
  eden space 32768K, 0% used [0x00000007aab00000,0x00000007aab00000,0x00000007acb00000)
  from space 2560K, 0% used [0x00000007acb00000,0x00000007acb00000,0x00000007acd80000)
  to   space 17920K, 0% used [0x00000007afc80000,0x00000007afc80000,0x00000007b0e00000)
 ParOldGen       total 97792K, used 60249K [0x0000000780000000, 0x0000000785f80000, 0x00000007aab00000)
  object space 97792K, 61% used [0x0000000780000000,0x0000000783ad66a0,0x0000000785f80000)
 Metaspace       used 11468K, capacity 11664K, committed 11904K, reserved 1058816K
  class space    used 1548K, capacity 1648K, committed 1664K, reserved 1048576K
}
Event: 76.680 GC heap before
{Heap before GC invocations=7 (full 1):
 PSYoungGen      total 35328K, used 32768K [0x00000007aab00000, 0x00000007b0e00000, 0x00000007c0000000)
  eden space 32768K, 100% used [0x00000007aab00000,0x00000007acb00000,0x00000007acb00000)
  from space 2560K, 0% used [0x00000007acb00000,0x00000007acb00000,0x00000007acd80000)
  to   space 17920K, 0% used [0x00000007afc80000,0x00000007afc80000,0x00000007b0e00000)
 ParOldGen       total 346624K, used 308635K [0x0000000780000000, 0x0000000795280000, 0x00000007aab00000)
  object space 346624K, 89% used [0x0000000780000000,0x0000000792d66cf0,0x0000000795280000)
 Metaspace       used 13621K, capacity 13910K, committed 14208K, reserved 1060864K
  class space    used 1794K, capacity 1881K, committed 1920K, reserved 1048576K
Event: 76.745 GC heap after
Heap after GC invocations=7 (full 1):
 PSYoungGen      total 77312K, used 15786K [0x00000007aab00000, 0x00000007b0e00000, 0x00000007c0000000)
  eden space 59392K, 0% used [0x00000007aab00000,0x00000007aab00000,0x00000007ae500000)
  from space 17920K, 88% used [0x00000007afc80000,0x00000007b0beaae8,0x00000007b0e00000)
  to   space 20992K, 0% used [0x00000007ae500000,0x00000007ae500000,0x00000007af980000)
 ParOldGen       total 346624K, used 308643K [0x0000000780000000, 0x0000000795280000, 0x00000007aab00000)
  object space 346624K, 89% used [0x0000000780000000,0x0000000792d68cf0,0x0000000795280000)
 Metaspace       used 13621K, capacity 13910K, committed 14208K, reserved 1060864K
  class space    used 1794K, capacity 1881K, committed 1920K, reserved 1048576K
}
Event: 277.736 GC heap before
{Heap before GC invocations=8 (full 1):
 PSYoungGen      total 77312K, used 75178K [0x00000007aab00000, 0x00000007b0e00000, 0x00000007c0000000)
  eden space 59392K, 100% used [0x00000007aab00000,0x00000007ae500000,0x00000007ae500000)
  from space 17920K, 88% used [0x00000007afc80000,0x00000007b0beaae8,0x00000007b0e00000)
  to   space 20992K, 0% used [0x00000007ae500000,0x00000007ae500000,0x00000007af980000)
 ParOldGen       total 346624K, used 308643K [0x0000000780000000, 0x0000000795280000, 0x00000007aab00000)
  object space 346624K, 89% used [0x0000000780000000,0x0000000792d68cf0,0x0000000795280000)
 Metaspace       used 14655K, capacity 14948K, committed 15104K, reserved 1062912K
  class space    used 1853K, capacity 1946K, committed 2048K, reserved 1048576K
Event: 277.765 GC heap after
Heap after GC invocations=8 (full 1):
 PSYoungGen      total 78336K, used 18864K [0x00000007aab00000, 0x00000007b1200000, 0x00000007c0000000)
  eden space 57344K, 0% used [0x00000007aab00000,0x00000007aab00000,0x00000007ae300000)
  from space 20992K, 89% used [0x00000007ae500000,0x00000007af76c240,0x00000007af980000)
  to   space 24064K, 0% used [0x00000007afa80000,0x00000007afa80000,0x00000007b1200000)
 ParOldGen       total 346624K, used 308643K [0x0000000780000000, 0x0000000795280000, 0x00000007aab00000)
  object space 346624K, 89% used [0x0000000780000000,0x0000000792d68cf0,0x0000000795280000)
 Metaspace       used 14655K, capacity 14948K, committed 15104K, reserved 1062912K
  class space    used 1853K, capacity 1946K, committed 2048K, reserved 1048576K
}

