# JRE version: Java(TM) SE Runtime Environment (8.0_71-b15) (build 1.8.0_71-b15)
# Java VM: Java HotSpot(TM) 64-Bit Server VM (25.71-b15 mixed mode bsd-amd64 compressed oops)
Heap:
 PSYoungGen      total 64512K, used 18290K [0x00000007aab00000, 0x00000007af480000, 0x00000007c0000000)
  eden space 53760K, 15% used [0x00000007aab00000,0x00000007ab346b60,0x00000007adf80000)
  from space 10752K, 91% used [0x00000007aea00000,0x00000007af395f80,0x00000007af480000)
  to   space 10752K, 0% used [0x00000007adf80000,0x00000007adf80000,0x00000007aea00000)
 ParOldGen       total 401408K, used 333317K [0x0000000780000000, 0x0000000798800000, 0x00000007aab00000)
  object space 401408K, 83% used [0x0000000780000000,0x0000000794581790,0x0000000798800000)
 Metaspace       used 15148K, capacity 15442K, committed 15616K, reserved 1062912K
  class space    used 1849K, capacity 1939K, committed 2048K, reserved 1048576K
GC Heap History (10 events):
Event: 10250.781 GC heap before
{Heap before GC invocations=171 (full 3):
 PSYoungGen      total 60928K, used 59731K [0x00000007aab00000, 0x00000007af200000, 0x00000007c0000000)
  eden space 50176K, 99% used [0x00000007aab00000,0x00000007adbf73d0,0x00000007adc00000)
  from space 10752K, 89% used [0x00000007adc00000,0x00000007ae55d8c0,0x00000007ae680000)
  to   space 10752K, 0% used [0x00000007ae780000,0x00000007ae780000,0x00000007af200000)
 ParOldGen       total 401408K, used 333309K [0x0000000780000000, 0x0000000798800000, 0x00000007aab00000)
  object space 401408K, 83% used [0x0000000780000000,0x000000079457f790,0x0000000798800000)
 Metaspace       used 15119K, capacity 15378K, committed 15616K, reserved 1062912K
  class space    used 1849K, capacity 1939K, committed 2048K, reserved 1048576K
Event: 10250.787 GC heap after
Heap after GC invocations=171 (full 3):
 PSYoungGen      total 60928K, used 9590K [0x00000007aab00000, 0x00000007af100000, 0x00000007c0000000)
  eden space 51200K, 0% used [0x00000007aab00000,0x00000007aab00000,0x00000007add00000)
  from space 9728K, 98% used [0x00000007ae780000,0x00000007af0dd8c0,0x00000007af100000)
  to   space 10240K, 0% used [0x00000007add00000,0x00000007add00000,0x00000007ae700000)
 ParOldGen       total 401408K, used 333309K [0x0000000780000000, 0x0000000798800000, 0x00000007aab00000)
  object space 401408K, 83% used [0x0000000780000000,0x000000079457f790,0x0000000798800000)
 Metaspace       used 15119K, capacity 15378K, committed 15616K, reserved 1062912K
  class space    used 1849K, capacity 1939K, committed 2048K, reserved 1048576K
}
Event: 10255.329 GC heap before
{Heap before GC invocations=172 (full 3):
 PSYoungGen      total 60928K, used 60790K [0x00000007aab00000, 0x00000007af100000, 0x00000007c0000000)
  eden space 51200K, 100% used [0x00000007aab00000,0x00000007add00000,0x00000007add00000)
  from space 9728K, 98% used [0x00000007ae780000,0x00000007af0dd8c0,0x00000007af100000)
  to   space 10240K, 0% used [0x00000007add00000,0x00000007add00000,0x00000007ae700000)
 ParOldGen       total 401408K, used 333309K [0x0000000780000000, 0x0000000798800000, 0x00000007aab00000)
  object space 401408K, 83% used [0x0000000780000000,0x000000079457f790,0x0000000798800000)
 Metaspace       used 15119K, capacity 15378K, committed 15616K, reserved 1062912K
  class space    used 1849K, capacity 1939K, committed 2048K, reserved 1048576K
Event: 10255.337 GC heap after
Heap after GC invocations=172 (full 3):
 PSYoungGen      total 61440K, used 9558K [0x00000007aab00000, 0x00000007af280000, 0x00000007c0000000)
  eden space 51200K, 0% used [0x00000007aab00000,0x00000007aab00000,0x00000007add00000)
  from space 10240K, 93% used [0x00000007add00000,0x00000007ae6558c0,0x00000007ae700000)
  to   space 10240K, 0% used [0x00000007ae880000,0x00000007ae880000,0x00000007af280000)
 ParOldGen       total 401408K, used 333309K [0x0000000780000000, 0x0000000798800000, 0x00000007aab00000)
  object space 401408K, 83% used [0x0000000780000000,0x000000079457f790,0x0000000798800000)
 Metaspace       used 15119K, capacity 15378K, committed 15616K, reserved 1062912K
  class space    used 1849K, capacity 1939K, committed 2048K, reserved 1048576K
}
Event: 10259.933 GC heap before
{Heap before GC invocations=173 (full 3):
 PSYoungGen      total 61440K, used 60758K [0x00000007aab00000, 0x00000007af280000, 0x00000007c0000000)
  eden space 51200K, 100% used [0x00000007aab00000,0x00000007add00000,0x00000007add00000)
  from space 10240K, 93% used [0x00000007add00000,0x00000007ae6558c0,0x00000007ae700000)
  to   space 10240K, 0% used [0x00000007ae880000,0x00000007ae880000,0x00000007af280000)
 ParOldGen       total 401408K, used 333309K [0x0000000780000000, 0x0000000798800000, 0x00000007aab00000)
  object space 401408K, 83% used [0x0000000780000000,0x000000079457f790,0x0000000798800000)
 Metaspace       used 15119K, capacity 15378K, committed 15616K, reserved 1062912K
  class space    used 1849K, capacity 1939K, committed 2048K, reserved 1048576K
Event: 10259.938 GC heap after
Heap after GC invocations=173 (full 3):
 PSYoungGen      total 62976K, used 9558K [0x00000007aab00000, 0x00000007af280000, 0x00000007c0000000)
  eden space 52736K, 0% used [0x00000007aab00000,0x00000007aab00000,0x00000007ade80000)
  from space 10240K, 93% used [0x00000007ae880000,0x00000007af1d58c0,0x00000007af280000)
  to   space 10240K, 0% used [0x00000007ade80000,0x00000007ade80000,0x00000007ae880000)
 ParOldGen       total 401408K, used 333309K [0x0000000780000000, 0x0000000798800000, 0x00000007aab00000)
  object space 401408K, 83% used [0x0000000780000000,0x000000079457f790,0x0000000798800000)
 Metaspace       used 15119K, capacity 15378K, committed 15616K, reserved 1062912K
  class space    used 1849K, capacity 1939K, committed 2048K, reserved 1048576K
}
Event: 10374.578 GC heap before
{Heap before GC invocations=174 (full 3):
 PSYoungGen      total 62976K, used 62294K [0x00000007aab00000, 0x00000007af280000, 0x00000007c0000000)
  eden space 52736K, 100% used [0x00000007aab00000,0x00000007ade80000,0x00000007ade80000)
  from space 10240K, 93% used [0x00000007ae880000,0x00000007af1d58c0,0x00000007af280000)
  to   space 10240K, 0% used [0x00000007ade80000,0x00000007ade80000,0x00000007ae880000)
 ParOldGen       total 401408K, used 333309K [0x0000000780000000, 0x0000000798800000, 0x00000007aab00000)
  object space 401408K, 83% used [0x0000000780000000,0x000000079457f790,0x0000000798800000)
 Metaspace       used 15124K, capacity 15442K, committed 15616K, reserved 1062912K
  class space    used 1849K, capacity 1939K, committed 2048K, reserved 1048576K
Event: 10374.583 GC heap after
Heap after GC invocations=174 (full 3):
 PSYoungGen      total 62976K, used 7805K [0x00000007aab00000, 0x00000007af480000, 0x00000007c0000000)
  eden space 52736K, 0% used [0x00000007aab00000,0x00000007aab00000,0x00000007ade80000)
  from space 10240K, 76% used [0x00000007ade80000,0x00000007ae61f550,0x00000007ae880000)
  to   space 10752K, 0% used [0x00000007aea00000,0x00000007aea00000,0x00000007af480000)
 ParOldGen       total 401408K, used 333309K [0x0000000780000000, 0x0000000798800000, 0x00000007aab00000)
  object space 401408K, 83% used [0x0000000780000000,0x000000079457f790,0x0000000798800000)
 Metaspace       used 15124K, capacity 15442K, committed 15616K, reserved 1062912K
  class space    used 1849K, capacity 1939K, committed 2048K, reserved 1048576K
}
Event: 10418.795 GC heap before
{Heap before GC invocations=175 (full 3):
 PSYoungGen      total 62976K, used 60541K [0x00000007aab00000, 0x00000007af480000, 0x00000007c0000000)
  eden space 52736K, 100% used [0x00000007aab00000,0x00000007ade80000,0x00000007ade80000)
  from space 10240K, 76% used [0x00000007ade80000,0x00000007ae61f550,0x00000007ae880000)
  to   space 10752K, 0% used [0x00000007aea00000,0x00000007aea00000,0x00000007af480000)
 ParOldGen       total 401408K, used 333309K [0x0000000780000000, 0x0000000798800000, 0x00000007aab00000)
  object space 401408K, 83% used [0x0000000780000000,0x000000079457f790,0x0000000798800000)
 Metaspace       used 15148K, capacity 15442K, committed 15616K, reserved 1062912K
  class space    used 1849K, capacity 1939K, committed 2048K, reserved 1048576K
Event: 10418.802 GC heap after
Heap after GC invocations=175 (full 3):
 PSYoungGen      total 64512K, used 9815K [0x00000007aab00000, 0x00000007af480000, 0x00000007c0000000)
  eden space 53760K, 0% used [0x00000007aab00000,0x00000007aab00000,0x00000007adf80000)
  from space 10752K, 91% used [0x00000007aea00000,0x00000007af395f80,0x00000007af480000)
  to   space 10752K, 0% used [0x00000007adf80000,0x00000007adf80000,0x00000007aea00000)
 ParOldGen       total 401408K, used 333317K [0x0000000780000000, 0x0000000798800000, 0x00000007aab00000)
  object space 401408K, 83% used [0x0000000780000000,0x0000000794581790,0x0000000798800000)
 Metaspace       used 15148K, capacity 15442K, committed 15616K, reserved 1062912K
  class space    used 1849K, capacity 1939K, committed 2048K, reserved 1048576K
}

