# JRE version: Java(TM) SE Runtime Environment (8.0_71-b15) (build 1.8.0_71-b15)
# Java VM: Java HotSpot(TM) 64-Bit Server VM (25.71-b15 mixed mode bsd-amd64 compressed oops)
Heap:
 PSYoungGen      total 28160K, used 15950K [0x00000007aab00000, 0x00000007acf80000, 0x00000007c0000000)
  eden space 18944K, 38% used [0x00000007aab00000,0x00000007ab22be18,0x00000007abd80000)
  from space 9216K, 93% used [0x00000007abd80000,0x00000007ac5e7a60,0x00000007ac680000)
  to   space 9216K, 0% used [0x00000007ac680000,0x00000007ac680000,0x00000007acf80000)
 ParOldGen       total 366592K, used 325098K [0x0000000780000000, 0x0000000796600000, 0x00000007aab00000)
  object space 366592K, 88% used [0x0000000780000000,0x0000000793d7aad8,0x0000000796600000)
 Metaspace       used 14830K, capacity 15140K, committed 15360K, reserved 1062912K
  class space    used 1852K, capacity 1946K, committed 2048K, reserved 1048576K
GC Heap History (10 events):
Event: 2132.211 GC heap before
{Heap before GC invocations=365 (full 2):
 PSYoungGen      total 28160K, used 27567K [0x00000007aab00000, 0x00000007acf80000, 0x00000007c0000000)
  eden space 18944K, 100% used [0x00000007aab00000,0x00000007abd80000,0x00000007abd80000)
  from space 9216K, 93% used [0x00000007ac680000,0x00000007aceebdc0,0x00000007acf80000)
  to   space 9216K, 0% used [0x00000007abd80000,0x00000007abd80000,0x00000007ac680000)
 ParOldGen       total 366592K, used 325098K [0x0000000780000000, 0x0000000796600000, 0x00000007aab00000)
  object space 366592K, 88% used [0x0000000780000000,0x0000000793d7aad8,0x0000000796600000)
 Metaspace       used 14830K, capacity 15140K, committed 15360K, reserved 1062912K
  class space    used 1852K, capacity 1946K, committed 2048K, reserved 1048576K
Event: 2132.215 GC heap after
Heap after GC invocations=365 (full 2):
 PSYoungGen      total 28160K, used 8623K [0x00000007aab00000, 0x00000007acf80000, 0x00000007c0000000)
  eden space 18944K, 0% used [0x00000007aab00000,0x00000007aab00000,0x00000007abd80000)
  from space 9216K, 93% used [0x00000007abd80000,0x00000007ac5ebdc0,0x00000007ac680000)
  to   space 9216K, 0% used [0x00000007ac680000,0x00000007ac680000,0x00000007acf80000)
 ParOldGen       total 366592K, used 325098K [0x0000000780000000, 0x0000000796600000, 0x00000007aab00000)
  object space 366592K, 88% used [0x0000000780000000,0x0000000793d7aad8,0x0000000796600000)
 Metaspace       used 14830K, capacity 15140K, committed 15360K, reserved 1062912K
  class space    used 1852K, capacity 1946K, committed 2048K, reserved 1048576K
}
Event: 2135.603 GC heap before
{Heap before GC invocations=366 (full 2):
 PSYoungGen      total 28160K, used 27567K [0x00000007aab00000, 0x00000007acf80000, 0x00000007c0000000)
  eden space 18944K, 100% used [0x00000007aab00000,0x00000007abd80000,0x00000007abd80000)
  from space 9216K, 93% used [0x00000007abd80000,0x00000007ac5ebdc0,0x00000007ac680000)
  to   space 9216K, 0% used [0x00000007ac680000,0x00000007ac680000,0x00000007acf80000)
 ParOldGen       total 366592K, used 325098K [0x0000000780000000, 0x0000000796600000, 0x00000007aab00000)
  object space 366592K, 88% used [0x0000000780000000,0x0000000793d7aad8,0x0000000796600000)
 Metaspace       used 14830K, capacity 15140K, committed 15360K, reserved 1062912K
  class space    used 1852K, capacity 1946K, committed 2048K, reserved 1048576K
Event: 2135.607 GC heap after
Heap after GC invocations=366 (full 2):
 PSYoungGen      total 28160K, used 8557K [0x00000007aab00000, 0x00000007acf80000, 0x00000007c0000000)
  eden space 18944K, 0% used [0x00000007aab00000,0x00000007aab00000,0x00000007abd80000)
  from space 9216K, 92% used [0x00000007ac680000,0x00000007acedb700,0x00000007acf80000)
  to   space 9216K, 0% used [0x00000007abd80000,0x00000007abd80000,0x00000007ac680000)
 ParOldGen       total 366592K, used 325098K [0x0000000780000000, 0x0000000796600000, 0x00000007aab00000)
  object space 366592K, 88% used [0x0000000780000000,0x0000000793d7aad8,0x0000000796600000)
 Metaspace       used 14830K, capacity 15140K, committed 15360K, reserved 1062912K
  class space    used 1852K, capacity 1946K, committed 2048K, reserved 1048576K
}
Event: 2138.992 GC heap before
{Heap before GC invocations=367 (full 2):
 PSYoungGen      total 28160K, used 27501K [0x00000007aab00000, 0x00000007acf80000, 0x00000007c0000000)
  eden space 18944K, 100% used [0x00000007aab00000,0x00000007abd80000,0x00000007abd80000)
  from space 9216K, 92% used [0x00000007ac680000,0x00000007acedb700,0x00000007acf80000)
  to   space 9216K, 0% used [0x00000007abd80000,0x00000007abd80000,0x00000007ac680000)
 ParOldGen       total 366592K, used 325098K [0x0000000780000000, 0x0000000796600000, 0x00000007aab00000)
  object space 366592K, 88% used [0x0000000780000000,0x0000000793d7aad8,0x0000000796600000)
 Metaspace       used 14830K, capacity 15140K, committed 15360K, reserved 1062912K
  class space    used 1852K, capacity 1946K, committed 2048K, reserved 1048576K
Event: 2138.997 GC heap after
Heap after GC invocations=367 (full 2):
 PSYoungGen      total 28160K, used 8557K [0x00000007aab00000, 0x00000007acf80000, 0x00000007c0000000)
  eden space 18944K, 0% used [0x00000007aab00000,0x00000007aab00000,0x00000007abd80000)
  from space 9216K, 92% used [0x00000007abd80000,0x00000007ac5db700,0x00000007ac680000)
  to   space 9216K, 0% used [0x00000007ac680000,0x00000007ac680000,0x00000007acf80000)
 ParOldGen       total 366592K, used 325098K [0x0000000780000000, 0x0000000796600000, 0x00000007aab00000)
  object space 366592K, 88% used [0x0000000780000000,0x0000000793d7aad8,0x0000000796600000)
 Metaspace       used 14830K, capacity 15140K, committed 15360K, reserved 1062912K
  class space    used 1852K, capacity 1946K, committed 2048K, reserved 1048576K
}
Event: 2142.387 GC heap before
{Heap before GC invocations=368 (full 2):
 PSYoungGen      total 28160K, used 27501K [0x00000007aab00000, 0x00000007acf80000, 0x00000007c0000000)
  eden space 18944K, 100% used [0x00000007aab00000,0x00000007abd80000,0x00000007abd80000)
  from space 9216K, 92% used [0x00000007abd80000,0x00000007ac5db700,0x00000007ac680000)
  to   space 9216K, 0% used [0x00000007ac680000,0x00000007ac680000,0x00000007acf80000)
 ParOldGen       total 366592K, used 325098K [0x0000000780000000, 0x0000000796600000, 0x00000007aab00000)
  object space 366592K, 88% used [0x0000000780000000,0x0000000793d7aad8,0x0000000796600000)
 Metaspace       used 14830K, capacity 15140K, committed 15360K, reserved 1062912K
  class space    used 1852K, capacity 1946K, committed 2048K, reserved 1048576K
Event: 2142.392 GC heap after
Heap after GC invocations=368 (full 2):
 PSYoungGen      total 28160K, used 8606K [0x00000007aab00000, 0x00000007acf80000, 0x00000007c0000000)
  eden space 18944K, 0% used [0x00000007aab00000,0x00000007aab00000,0x00000007abd80000)
  from space 9216K, 93% used [0x00000007ac680000,0x00000007acee7a60,0x00000007acf80000)
  to   space 9216K, 0% used [0x00000007abd80000,0x00000007abd80000,0x00000007ac680000)
 ParOldGen       total 366592K, used 325098K [0x0000000780000000, 0x0000000796600000, 0x00000007aab00000)
  object space 366592K, 88% used [0x0000000780000000,0x0000000793d7aad8,0x0000000796600000)
 Metaspace       used 14830K, capacity 15140K, committed 15360K, reserved 1062912K
  class space    used 1852K, capacity 1946K, committed 2048K, reserved 1048576K
}
Event: 2145.768 GC heap before
{Heap before GC invocations=369 (full 2):
 PSYoungGen      total 28160K, used 27550K [0x00000007aab00000, 0x00000007acf80000, 0x00000007c0000000)
  eden space 18944K, 100% used [0x00000007aab00000,0x00000007abd80000,0x00000007abd80000)
  from space 9216K, 93% used [0x00000007ac680000,0x00000007acee7a60,0x00000007acf80000)
  to   space 9216K, 0% used [0x00000007abd80000,0x00000007abd80000,0x00000007ac680000)
 ParOldGen       total 366592K, used 325098K [0x0000000780000000, 0x0000000796600000, 0x00000007aab00000)
  object space 366592K, 88% used [0x0000000780000000,0x0000000793d7aad8,0x0000000796600000)
 Metaspace       used 14830K, capacity 15140K, committed 15360K, reserved 1062912K
  class space    used 1852K, capacity 1946K, committed 2048K, reserved 1048576K
Event: 2145.773 GC heap after
Heap after GC invocations=369 (full 2):
 PSYoungGen      total 28160K, used 8606K [0x00000007aab00000, 0x00000007acf80000, 0x00000007c0000000)
  eden space 18944K, 0% used [0x00000007aab00000,0x00000007aab00000,0x00000007abd80000)
  from space 9216K, 93% used [0x00000007abd80000,0x00000007ac5e7a60,0x00000007ac680000)
  to   space 9216K, 0% used [0x00000007ac680000,0x00000007ac680000,0x00000007acf80000)
 ParOldGen       total 366592K, used 325098K [0x0000000780000000, 0x0000000796600000, 0x00000007aab00000)
  object space 366592K, 88% used [0x0000000780000000,0x0000000793d7aad8,0x0000000796600000)
 Metaspace       used 14830K, capacity 15140K, committed 15360K, reserved 1062912K
  class space    used 1852K, capacity 1946K, committed 2048K, reserved 1048576K
}

